<?xml version="1.0" encoding="UTF-8"?>
<?totaltestVersion 19.1.2.v20180712-0806_18?>
<!--Topaz for Total Test 19.1.2.v20180712-0806_18 Sep 26, 2018 2:42:28 PM-->
<testsuites>
  <testsuite errors="0" failures="0" name="TTT4.CWXTSUBC_Scenario.00001: CWXTSUBCCase1" tests="3">
    <testcase classname="TTT4.CWXTSUBC_Scenario.00001: CWXTSUBCCase1" name="00001: Check for EMP_TYPE"/>
    <testcase classname="TTT4.CWXTSUBC_Scenario.00001: CWXTSUBCCase1" name="00002: Check for SALES_AMOUNT"/>
    <testcase classname="TTT4.CWXTSUBC_Scenario.00001: CWXTSUBCCase1" name="00003: Check for COMM_TOTAL"/>
  </testsuite>
  <testsuite errors="0" failures="0" name="TTT4.CWXTSUBC_Scenario.00002: CWXTSUBCCase2" tests="3">
    <testcase classname="TTT4.CWXTSUBC_Scenario.00002: CWXTSUBCCase2" name="00001: Check for EMP_TYPE"/>
    <testcase classname="TTT4.CWXTSUBC_Scenario.00002: CWXTSUBCCase2" name="00002: Check for SALES_AMOUNT"/>
    <testcase classname="TTT4.CWXTSUBC_Scenario.00002: CWXTSUBCCase2" name="00003: Check for COMM_TOTAL"/>
  </testsuite>
</testsuites>